Arguments: 
  C:\Program Files\nodejs\node.exe C:\Users\Daniel\AppData\Roaming\npm\node_modules\yarn\bin\yarn.js add emojfy.js

PATH: 
  C:\Program Files\Docker\Docker\Resources\bin;C:\Program Files\ImageMagick-7.0.7-Q16;C:\Program Files (x86)\Common Files\Oracle\Java\javapath;c:\programdata\oracle\java\javapath;c:\windows\system32;c:\windows;c:\windows\system32\wbem;c:\windows\system32\windowspowershell\v1.0\;c:\program files\putty\;c:\apps\go\bin;c:\apps\path;C:\Program Files (x86)\NVIDIA Corporation\PhysX\Common;C:\Program Files\MiKTeX 2.9\miktex\bin\x64\;C:\Program Files\Git\bin;C:\apps\sqlite3;C:\WINDOWS\system32;C:\WINDOWS;C:\WINDOWS\System32\Wbem;C:\WINDOWS\System32\WindowsPowerShell\v1.0\;C:\WINDOWS\System32\OpenSSH\;C:\Program Files\nodejs\;C:\Ruby24-x64\bin;C:\apps\railsinstaller\Ruby2.3.3\bin;C:\Ruby25-x64\bin;C:\apps\ruby\2.4.4\bin;C:\Users\Daniel\AppData\Local\Microsoft\WindowsApps;C:\Users\Daniel\AppData\Local\GitHubDesktop\bin;C:\Users\Daniel\AppData\Local\Microsoft\WindowsApps;C:\Users\Daniel\AppData\Roaming\npm

Yarn version: 
  1.7.0

Node version: 
  8.11.2

Platform: 
  win32 x64

Trace: 
  Error: https://registry.yarnpkg.com/emojfy.js: Not found
      at Request.params.callback [as _callback] (C:\Users\Daniel\AppData\Roaming\npm\node_modules\yarn\lib\cli.js:65656:18)
      at Request.self.callback (C:\Users\Daniel\AppData\Roaming\npm\node_modules\yarn\lib\cli.js:134675:22)
      at emitTwo (events.js:126:13)
      at Request.emit (events.js:214:7)
      at Request.<anonymous> (C:\Users\Daniel\AppData\Roaming\npm\node_modules\yarn\lib\cli.js:135658:10)
      at emitOne (events.js:116:13)
      at Request.emit (events.js:211:7)
      at IncomingMessage.<anonymous> (C:\Users\Daniel\AppData\Roaming\npm\node_modules\yarn\lib\cli.js:135578:12)
      at Object.onceWrapper (events.js:313:30)
      at emitNone (events.js:111:20)

npm manifest: 
  {
    "name": "pfadiolten-home",
    "dependencies": {
      "bootstrap-fileinput": "^4.4.8",
      "select2-bootstrap4-theme": "^1.0.0",
      "trumbowyg": "^2.10.0"
    },
    "version": "1.0.1",
    "main": "index.js",
    "repository": "https://github.com/pfadiolten/pfadiolten-home.git",
    "author": "Daniel von Atzigen <daniel@vatz.ch>",
    "license": "MIT"
  }

yarn manifest: 
  No manifest

Lockfile: 
  # THIS IS AN AUTOGENERATED FILE. DO NOT EDIT THIS FILE DIRECTLY.
  # yarn lockfile v1
  
  
  bootstrap-fileinput@^4.4.8:
    version "4.4.8"
    resolved "https://registry.yarnpkg.com/bootstrap-fileinput/-/bootstrap-fileinput-4.4.8.tgz#00e0c2c02cd77e2dae334988fc32cefe8bab7ce0"
    dependencies:
      bootstrap ">= 3.0.0"
      jquery ">= 1.9.0"
  
  "bootstrap@>= 3.0.0":
    version "4.1.1"
    resolved "https://registry.yarnpkg.com/bootstrap/-/bootstrap-4.1.1.tgz#3aec85000fa619085da8d2e4983dfd67cf2114cb"
  
  "jquery@>= 1.9.0":
    version "3.3.1"
    resolved "https://registry.yarnpkg.com/jquery/-/jquery-3.3.1.tgz#958ce29e81c9790f31be7792df5d4d95fc57fbca"
  
  select2-bootstrap4-theme@^1.0.0:
    version "1.0.0"
    resolved "https://registry.yarnpkg.com/select2-bootstrap4-theme/-/select2-bootstrap4-theme-1.0.0.tgz#d637ff18e7fdade8d723ad4c567ef2ba48b73094"
  
  trumbowyg@^2.10.0:
    version "2.10.0"
    resolved "https://registry.yarnpkg.com/trumbowyg/-/trumbowyg-2.10.0.tgz#e74682528b07c36c78bcc341ea57bebffd565727"
